This file contains any messages produced by compilers while
running configure, to aid debugging if configure makes a mistake.

It was created by JAGS-PEXM configure 1.0, which was
generated by GNU Autoconf 2.69.  Invocation command line was

  $ ./configure 

## --------- ##
## Platform. ##
## --------- ##

hostname = azul
uname -m = x86_64
uname -r = 5.11.0-41-generic
uname -s = Linux
uname -v = #45~20.04.1-Ubuntu SMP Wed Nov 10 10:20:10 UTC 2021

/usr/bin/uname -p = x86_64
/bin/uname -X     = unknown

/bin/arch              = x86_64
/usr/bin/arch -k       = unknown
/usr/convex/getsysinfo = unknown
/usr/bin/hostinfo      = unknown
/bin/machine           = unknown
/usr/bin/oslevel       = unknown
/bin/universe          = unknown

PATH: /usr/local/sbin
PATH: /usr/local/bin
PATH: /usr/sbin
PATH: /usr/bin
PATH: /sbin
PATH: /bin
PATH: /usr/games
PATH: /usr/local/games
PATH: /snap/bin
PATH: /usr/lib/rstudio/bin/postback


## ----------- ##
## Core tests. ##
## ----------- ##

configure:2108: checking for jags
configure:2126: found /usr/bin/jags
configure:2138: result: /usr/bin/jags
configure:2338: checking for C++ compiler version
configure:2347: g++ -std=gnu++14 --version >&5
g++ (Ubuntu 9.3.0-17ubuntu1~20.04) 9.3.0
Copyright (C) 2019 Free Software Foundation, Inc.
This is free software; see the source for copying conditions.  There is NO
warranty; not even for MERCHANTABILITY or FITNESS FOR A PARTICULAR PURPOSE.

configure:2358: $? = 0
configure:2347: g++ -std=gnu++14 -v >&5
Using built-in specs.
COLLECT_GCC=g++
COLLECT_LTO_WRAPPER=/usr/lib/gcc/x86_64-linux-gnu/9/lto-wrapper
OFFLOAD_TARGET_NAMES=nvptx-none:hsa
OFFLOAD_TARGET_DEFAULT=1
Target: x86_64-linux-gnu
Configured with: ../src/configure -v --with-pkgversion='Ubuntu 9.3.0-17ubuntu1~20.04' --with-bugurl=file:///usr/share/doc/gcc-9/README.Bugs --enable-languages=c,ada,c++,go,brig,d,fortran,objc,obj-c++,gm2 --prefix=/usr --with-gcc-major-version-only --program-suffix=-9 --program-prefix=x86_64-linux-gnu- --enable-shared --enable-linker-build-id --libexecdir=/usr/lib --without-included-gettext --enable-threads=posix --libdir=/usr/lib --enable-nls --enable-clocale=gnu --enable-libstdcxx-debug --enable-libstdcxx-time=yes --with-default-libstdcxx-abi=new --enable-gnu-unique-object --disable-vtable-verify --enable-plugin --enable-default-pie --with-system-zlib --with-target-system-zlib=auto --enable-objc-gc=auto --enable-multiarch --disable-werror --with-arch-32=i686 --with-abi=m64 --with-multilib-list=m32,m64,mx32 --enable-multilib --with-tune=generic --enable-offload-targets=nvptx-none=/build/gcc-9-HskZEa/gcc-9-9.3.0/debian/tmp-nvptx/usr,hsa --without-cuda-driver --enable-checking=release --build=x86_64-linux-gnu --host=x86_64-linux-gnu --target=x86_64-linux-gnu
Thread model: posix
gcc version 9.3.0 (Ubuntu 9.3.0-17ubuntu1~20.04) 
configure:2358: $? = 0
configure:2347: g++ -std=gnu++14 -V >&5
g++: error: unrecognized command line option '-V'
g++: fatal error: no input files
compilation terminated.
configure:2358: $? = 1
configure:2347: g++ -std=gnu++14 -qversion >&5
g++: error: unrecognized command line option '-qversion'; did you mean '--version'?
g++: fatal error: no input files
compilation terminated.
configure:2358: $? = 1
configure:2378: checking whether the C++ compiler works
configure:2400: g++ -std=gnu++14 -g -O2 -fdebug-prefix-map=/build/r-base-i2PIHO/r-base-4.1.2=. -fstack-protector-strong -Wformat -Werror=format-security -Wdate-time -D_FORTIFY_SOURCE=2 -g -UNDEBUG -Wall -pedantic -g -O0 -fdiagnostics-color=always -I/usr/include/JAGS  conftest.cpp  >&5
configure:2404: $? = 0
configure:2452: result: yes
configure:2455: checking for C++ compiler default output file name
configure:2457: result: a.out
configure:2463: checking for suffix of executables
configure:2470: g++ -std=gnu++14 -o conftest -g -O2 -fdebug-prefix-map=/build/r-base-i2PIHO/r-base-4.1.2=. -fstack-protector-strong -Wformat -Werror=format-security -Wdate-time -D_FORTIFY_SOURCE=2 -g -UNDEBUG -Wall -pedantic -g -O0 -fdiagnostics-color=always -I/usr/include/JAGS  conftest.cpp  >&5
configure:2474: $? = 0
configure:2496: result: 
configure:2518: checking whether we are cross compiling
configure:2526: g++ -std=gnu++14 -o conftest -g -O2 -fdebug-prefix-map=/build/r-base-i2PIHO/r-base-4.1.2=. -fstack-protector-strong -Wformat -Werror=format-security -Wdate-time -D_FORTIFY_SOURCE=2 -g -UNDEBUG -Wall -pedantic -g -O0 -fdiagnostics-color=always -I/usr/include/JAGS  conftest.cpp  >&5
configure:2530: $? = 0
configure:2537: ./conftest
configure:2541: $? = 0
configure:2529: result: no
configure:2534: checking for suffix of object files
configure:2556: g++ -std=gnu++14 -c -g -O2 -fdebug-prefix-map=/build/r-base-i2PIHO/r-base-4.1.2=. -fstack-protector-strong -Wformat -Werror=format-security -Wdate-time -D_FORTIFY_SOURCE=2 -g -UNDEBUG -Wall -pedantic -g -O0 -fdiagnostics-color=always -I/usr/include/JAGS conftest.cpp >&5
configure:2560: $? = 0
configure:2581: result: o
configure:2585: checking whether we are using the GNU C++ compiler
configure:2604: g++ -std=gnu++14 -c -g -O2 -fdebug-prefix-map=/build/r-base-i2PIHO/r-base-4.1.2=. -fstack-protector-strong -Wformat -Werror=format-security -Wdate-time -D_FORTIFY_SOURCE=2 -g -UNDEBUG -Wall -pedantic -g -O0 -fdiagnostics-color=always -I/usr/include/JAGS conftest.cpp >&5
configure:2604: $? = 0
configure:2613: result: yes
configure:2622: checking whether g++ -std=gnu++14 accepts -g
configure:2642: g++ -std=gnu++14 -c -g -I/usr/include/JAGS conftest.cpp >&5
configure:2642: $? = 0
configure:2683: result: yes
configure:2712: checking how to run the C++ preprocessor
configure:2739: g++ -std=gnu++14 -E -I/usr/include/JAGS conftest.cpp
configure:2739: $? = 0
configure:2753: g++ -std=gnu++14 -E -I/usr/include/JAGS conftest.cpp
conftest.cpp:9:10: fatal error: ac_nonexistent.h: No such file or directory
    9 | #include <ac_nonexistent.h>
      |          ^~~~~~~~~~~~~~~~~~
compilation terminated.
configure:2753: $? = 1
configure: failed program was:
| /* confdefs.h */
| #define PACKAGE_NAME "JAGS-PEXM"
| #define PACKAGE_TARNAME "JAGS-PEXM-MODULE"
| #define PACKAGE_VERSION "1.0"
| #define PACKAGE_STRING "JAGS-PEXM 1.0"
| #define PACKAGE_BUGREPORT "vdm@est.ufmg.br"
| #define PACKAGE_URL ""
| /* end confdefs.h.  */
| #include <ac_nonexistent.h>
configure:2778: result: g++ -std=gnu++14 -E
configure:2798: g++ -std=gnu++14 -E -I/usr/include/JAGS conftest.cpp
configure:2798: $? = 0
configure:2812: g++ -std=gnu++14 -E -I/usr/include/JAGS conftest.cpp
conftest.cpp:9:10: fatal error: ac_nonexistent.h: No such file or directory
    9 | #include <ac_nonexistent.h>
      |          ^~~~~~~~~~~~~~~~~~
compilation terminated.
configure:2812: $? = 1
configure: failed program was:
| /* confdefs.h */
| #define PACKAGE_NAME "JAGS-PEXM"
| #define PACKAGE_TARNAME "JAGS-PEXM-MODULE"
| #define PACKAGE_VERSION "1.0"
| #define PACKAGE_STRING "JAGS-PEXM 1.0"
| #define PACKAGE_BUGREPORT "vdm@est.ufmg.br"
| #define PACKAGE_URL ""
| /* end confdefs.h.  */
| #include <ac_nonexistent.h>
configure:2841: checking for grep that handles long lines and -e
configure:2899: result: /usr/bin/grep
configure:2904: checking for egrep
configure:2966: result: /usr/bin/grep -E
configure:2971: checking for ANSI C header files
configure:2991: g++ -std=gnu++14 -c -g -O2 -fdebug-prefix-map=/build/r-base-i2PIHO/r-base-4.1.2=. -fstack-protector-strong -Wformat -Werror=format-security -Wdate-time -D_FORTIFY_SOURCE=2 -g -UNDEBUG -Wall -pedantic -g -O0 -fdiagnostics-color=always -I/usr/include/JAGS conftest.cpp >&5
configure:2991: $? = 0
configure:3064: g++ -std=gnu++14 -o conftest -g -O2 -fdebug-prefix-map=/build/r-base-i2PIHO/r-base-4.1.2=. -fstack-protector-strong -Wformat -Werror=format-security -Wdate-time -D_FORTIFY_SOURCE=2 -g -UNDEBUG -Wall -pedantic -g -O0 -fdiagnostics-color=always -I/usr/include/JAGS  conftest.cpp  >&5
configure:3064: $? = 0
configure:3064: ./conftest
configure:3064: $? = 0
configure:3075: result: yes
configure:3088: checking for sys/types.h
configure:3088: g++ -std=gnu++14 -c -g -O2 -fdebug-prefix-map=/build/r-base-i2PIHO/r-base-4.1.2=. -fstack-protector-strong -Wformat -Werror=format-security -Wdate-time -D_FORTIFY_SOURCE=2 -g -UNDEBUG -Wall -pedantic -g -O0 -fdiagnostics-color=always -I/usr/include/JAGS conftest.cpp >&5
configure:3088: $? = 0
configure:3088: result: yes
configure:3088: checking for sys/stat.h
configure:3088: g++ -std=gnu++14 -c -g -O2 -fdebug-prefix-map=/build/r-base-i2PIHO/r-base-4.1.2=. -fstack-protector-strong -Wformat -Werror=format-security -Wdate-time -D_FORTIFY_SOURCE=2 -g -UNDEBUG -Wall -pedantic -g -O0 -fdiagnostics-color=always -I/usr/include/JAGS conftest.cpp >&5
configure:3088: $? = 0
configure:3088: result: yes
configure:3088: checking for stdlib.h
configure:3088: g++ -std=gnu++14 -c -g -O2 -fdebug-prefix-map=/build/r-base-i2PIHO/r-base-4.1.2=. -fstack-protector-strong -Wformat -Werror=format-security -Wdate-time -D_FORTIFY_SOURCE=2 -g -UNDEBUG -Wall -pedantic -g -O0 -fdiagnostics-color=always -I/usr/include/JAGS conftest.cpp >&5
configure:3088: $? = 0
configure:3088: result: yes
configure:3088: checking for string.h
configure:3088: g++ -std=gnu++14 -c -g -O2 -fdebug-prefix-map=/build/r-base-i2PIHO/r-base-4.1.2=. -fstack-protector-strong -Wformat -Werror=format-security -Wdate-time -D_FORTIFY_SOURCE=2 -g -UNDEBUG -Wall -pedantic -g -O0 -fdiagnostics-color=always -I/usr/include/JAGS conftest.cpp >&5
configure:3088: $? = 0
configure:3088: result: yes
configure:3088: checking for memory.h
configure:3088: g++ -std=gnu++14 -c -g -O2 -fdebug-prefix-map=/build/r-base-i2PIHO/r-base-4.1.2=. -fstack-protector-strong -Wformat -Werror=format-security -Wdate-time -D_FORTIFY_SOURCE=2 -g -UNDEBUG -Wall -pedantic -g -O0 -fdiagnostics-color=always -I/usr/include/JAGS conftest.cpp >&5
configure:3088: $? = 0
configure:3088: result: yes
configure:3088: checking for strings.h
configure:3088: g++ -std=gnu++14 -c -g -O2 -fdebug-prefix-map=/build/r-base-i2PIHO/r-base-4.1.2=. -fstack-protector-strong -Wformat -Werror=format-security -Wdate-time -D_FORTIFY_SOURCE=2 -g -UNDEBUG -Wall -pedantic -g -O0 -fdiagnostics-color=always -I/usr/include/JAGS conftest.cpp >&5
configure:3088: $? = 0
configure:3088: result: yes
configure:3088: checking for inttypes.h
configure:3088: g++ -std=gnu++14 -c -g -O2 -fdebug-prefix-map=/build/r-base-i2PIHO/r-base-4.1.2=. -fstack-protector-strong -Wformat -Werror=format-security -Wdate-time -D_FORTIFY_SOURCE=2 -g -UNDEBUG -Wall -pedantic -g -O0 -fdiagnostics-color=always -I/usr/include/JAGS conftest.cpp >&5
configure:3088: $? = 0
configure:3088: result: yes
configure:3088: checking for stdint.h
configure:3088: g++ -std=gnu++14 -c -g -O2 -fdebug-prefix-map=/build/r-base-i2PIHO/r-base-4.1.2=. -fstack-protector-strong -Wformat -Werror=format-security -Wdate-time -D_FORTIFY_SOURCE=2 -g -UNDEBUG -Wall -pedantic -g -O0 -fdiagnostics-color=always -I/usr/include/JAGS conftest.cpp >&5
configure:3088: $? = 0
configure:3088: result: yes
configure:3088: checking for unistd.h
configure:3088: g++ -std=gnu++14 -c -g -O2 -fdebug-prefix-map=/build/r-base-i2PIHO/r-base-4.1.2=. -fstack-protector-strong -Wformat -Werror=format-security -Wdate-time -D_FORTIFY_SOURCE=2 -g -UNDEBUG -Wall -pedantic -g -O0 -fdiagnostics-color=always -I/usr/include/JAGS conftest.cpp >&5
configure:3088: $? = 0
configure:3088: result: yes
configure:3100: checking Console.h usability
configure:3100: g++ -std=gnu++14 -c -g -O2 -fdebug-prefix-map=/build/r-base-i2PIHO/r-base-4.1.2=. -fstack-protector-strong -Wformat -Werror=format-security -Wdate-time -D_FORTIFY_SOURCE=2 -g -UNDEBUG -Wall -pedantic -g -O0 -fdiagnostics-color=always -I/usr/include/JAGS conftest.cpp >&5
configure:3100: $? = 0
configure:3100: result: yes
configure:3100: checking Console.h presence
configure:3100: g++ -std=gnu++14 -E -I/usr/include/JAGS conftest.cpp
configure:3100: $? = 0
configure:3100: result: yes
configure:3100: checking for Console.h
configure:3100: result: yes
configure:3224: checking for gcc
configure:3251: result: gcc -std=gnu99 -std=gnu11
configure:3480: checking for C compiler version
configure:3489: gcc -std=gnu99 -std=gnu11 --version >&5
gcc (Ubuntu 9.3.0-17ubuntu1~20.04) 9.3.0
Copyright (C) 2019 Free Software Foundation, Inc.
This is free software; see the source for copying conditions.  There is NO
warranty; not even for MERCHANTABILITY or FITNESS FOR A PARTICULAR PURPOSE.

configure:3500: $? = 0
configure:3489: gcc -std=gnu99 -std=gnu11 -v >&5
Using built-in specs.
COLLECT_GCC=gcc
COLLECT_LTO_WRAPPER=/usr/lib/gcc/x86_64-linux-gnu/9/lto-wrapper
OFFLOAD_TARGET_NAMES=nvptx-none:hsa
OFFLOAD_TARGET_DEFAULT=1
Target: x86_64-linux-gnu
Configured with: ../src/configure -v --with-pkgversion='Ubuntu 9.3.0-17ubuntu1~20.04' --with-bugurl=file:///usr/share/doc/gcc-9/README.Bugs --enable-languages=c,ada,c++,go,brig,d,fortran,objc,obj-c++,gm2 --prefix=/usr --with-gcc-major-version-only --program-suffix=-9 --program-prefix=x86_64-linux-gnu- --enable-shared --enable-linker-build-id --libexecdir=/usr/lib --without-included-gettext --enable-threads=posix --libdir=/usr/lib --enable-nls --enable-clocale=gnu --enable-libstdcxx-debug --enable-libstdcxx-time=yes --with-default-libstdcxx-abi=new --enable-gnu-unique-object --disable-vtable-verify --enable-plugin --enable-default-pie --with-system-zlib --with-target-system-zlib=auto --enable-objc-gc=auto --enable-multiarch --disable-werror --with-arch-32=i686 --with-abi=m64 --with-multilib-list=m32,m64,mx32 --enable-multilib --with-tune=generic --enable-offload-targets=nvptx-none=/build/gcc-9-HskZEa/gcc-9-9.3.0/debian/tmp-nvptx/usr,hsa --without-cuda-driver --enable-checking=release --build=x86_64-linux-gnu --host=x86_64-linux-gnu --target=x86_64-linux-gnu
Thread model: posix
gcc version 9.3.0 (Ubuntu 9.3.0-17ubuntu1~20.04) 
configure:3500: $? = 0
configure:3489: gcc -std=gnu99 -std=gnu11 -V >&5
gcc: error: unrecognized command line option '-V'
gcc: fatal error: no input files
compilation terminated.
configure:3500: $? = 1
configure:3489: gcc -std=gnu99 -std=gnu11 -qversion >&5
gcc: error: unrecognized command line option '-qversion'; did you mean '--version'?
gcc: fatal error: no input files
compilation terminated.
configure:3500: $? = 1
configure:3504: checking whether we are using the GNU C compiler
configure:3523: gcc -std=gnu99 -std=gnu11 -c -g -O2 -fdebug-prefix-map=/build/r-base-i2PIHO/r-base-4.1.2=. -fstack-protector-strong -Wformat -Werror=format-security -Wdate-time -D_FORTIFY_SOURCE=2 -g -UNDEBUG -Wall -pedantic -g -O0 -fdiagnostics-color=always  conftest.c >&5
configure:3523: $? = 0
configure:3532: result: yes
configure:3541: checking whether gcc -std=gnu99 -std=gnu11 accepts -g
configure:3561: gcc -std=gnu99 -std=gnu11 -c -g  conftest.c >&5
configure:3561: $? = 0
configure:3602: result: yes
configure:3619: checking for gcc -std=gnu99 -std=gnu11 option to accept ISO C89
configure:3682: gcc -std=gnu99 -std=gnu11  -c -g -O2 -fdebug-prefix-map=/build/r-base-i2PIHO/r-base-4.1.2=. -fstack-protector-strong -Wformat -Werror=format-security -Wdate-time -D_FORTIFY_SOURCE=2 -g -UNDEBUG -Wall -pedantic -g -O0 -fdiagnostics-color=always  conftest.c >&5
configure:3682: $? = 0
configure:3695: result: none needed
configure:3716: checking for jags_version in -ljags
configure:3741: gcc -std=gnu99 -std=gnu11 -o conftest -g -O2 -fdebug-prefix-map=/build/r-base-i2PIHO/r-base-4.1.2=. -fstack-protector-strong -Wformat -Werror=format-security -Wdate-time -D_FORTIFY_SOURCE=2 -g -UNDEBUG -Wall -pedantic -g -O0 -fdiagnostics-color=always  -L/usr/lib conftest.c -ljags   >&5
configure:3741: $? = 0
configure:3750: result: yes
configure:3920: creating ./config.status

## ---------------------- ##
## Running config.status. ##
## ---------------------- ##

This file was extended by JAGS-PEXM config.status 1.0, which was
generated by GNU Autoconf 2.69.  Invocation command line was

  CONFIG_FILES    = 
  CONFIG_HEADERS  = 
  CONFIG_LINKS    = 
  CONFIG_COMMANDS = 
  $ ./config.status 

on azul

config.status:729: creating src/Makevars

## ---------------- ##
## Cache variables. ##
## ---------------- ##

ac_cv_c_compiler_gnu=yes
ac_cv_cxx_compiler_gnu=yes
ac_cv_env_CCC_set=
ac_cv_env_CCC_value=
ac_cv_env_CC_set=
ac_cv_env_CC_value=
ac_cv_env_CFLAGS_set=
ac_cv_env_CFLAGS_value=
ac_cv_env_CPPFLAGS_set=
ac_cv_env_CPPFLAGS_value=
ac_cv_env_CXXCPP_set=
ac_cv_env_CXXCPP_value=
ac_cv_env_CXXFLAGS_set=
ac_cv_env_CXXFLAGS_value=
ac_cv_env_CXX_set=
ac_cv_env_CXX_value=
ac_cv_env_LDFLAGS_set=
ac_cv_env_LDFLAGS_value=
ac_cv_env_LIBS_set=
ac_cv_env_LIBS_value=
ac_cv_env_build_alias_set=
ac_cv_env_build_alias_value=
ac_cv_env_host_alias_set=
ac_cv_env_host_alias_value=
ac_cv_env_target_alias_set=
ac_cv_env_target_alias_value=
ac_cv_header_Console_h=yes
ac_cv_header_inttypes_h=yes
ac_cv_header_memory_h=yes
ac_cv_header_stdc=yes
ac_cv_header_stdint_h=yes
ac_cv_header_stdlib_h=yes
ac_cv_header_string_h=yes
ac_cv_header_strings_h=yes
ac_cv_header_sys_stat_h=yes
ac_cv_header_sys_types_h=yes
ac_cv_header_unistd_h=yes
ac_cv_lib_jags_jags_version=yes
ac_cv_objext=o
ac_cv_path_EGREP='/usr/bin/grep -E'
ac_cv_path_GREP=/usr/bin/grep
ac_cv_path_ac_prefix_program=/usr/bin/jags
ac_cv_prog_CXXCPP='g++ -std=gnu++14 -E'
ac_cv_prog_ac_ct_CC='gcc -std=gnu99 -std=gnu11'
ac_cv_prog_cc_c89=
ac_cv_prog_cc_g=yes
ac_cv_prog_cxx_g=yes

## ----------------- ##
## Output variables. ##
## ----------------- ##

CC='gcc -std=gnu99 -std=gnu11'
CFLAGS='-g -O2 -fdebug-prefix-map=/build/r-base-i2PIHO/r-base-4.1.2=. -fstack-protector-strong -Wformat -Werror=format-security -Wdate-time -D_FORTIFY_SOURCE=2 -g -UNDEBUG -Wall -pedantic -g -O0 -fdiagnostics-color=always'
CPPFLAGS=''
CXX='g++ -std=gnu++14'
CXXCPP='g++ -std=gnu++14 -E'
CXXFLAGS='-g -O2 -fdebug-prefix-map=/build/r-base-i2PIHO/r-base-4.1.2=. -fstack-protector-strong -Wformat -Werror=format-security -Wdate-time -D_FORTIFY_SOURCE=2 -g -UNDEBUG -Wall -pedantic -g -O0 -fdiagnostics-color=always'
DEFS='-DPACKAGE_NAME=\"JAGS-PEXM\" -DPACKAGE_TARNAME=\"JAGS-PEXM-MODULE\" -DPACKAGE_VERSION=\"1.0\" -DPACKAGE_STRING=\"JAGS-PEXM\ 1.0\" -DPACKAGE_BUGREPORT=\"vdm@est.ufmg.br\" -DPACKAGE_URL=\"\" -DSTDC_HEADERS=1 -DHAVE_SYS_TYPES_H=1 -DHAVE_SYS_STAT_H=1 -DHAVE_STDLIB_H=1 -DHAVE_STRING_H=1 -DHAVE_MEMORY_H=1 -DHAVE_STRINGS_H=1 -DHAVE_INTTYPES_H=1 -DHAVE_STDINT_H=1 -DHAVE_UNISTD_H=1 -DHAVE_LIBJAGS=1'
ECHO_C=''
ECHO_N='-n'
ECHO_T=''
EGREP='/usr/bin/grep -E'
EXEEXT=''
GREP='/usr/bin/grep'
JAGS_INCLUDE='/usr/include/JAGS'
JAGS_LIB='/usr/lib'
JAGS_RPATH=''
LDFLAGS=''
LIBOBJS=''
LIBS='-ljags '
LTLIBOBJS=''
OBJEXT='o'
PACKAGE_BUGREPORT='vdm@est.ufmg.br'
PACKAGE_NAME='JAGS-PEXM'
PACKAGE_STRING='JAGS-PEXM 1.0'
PACKAGE_TARNAME='JAGS-PEXM-MODULE'
PACKAGE_URL=''
PACKAGE_VERSION='1.0'
PATH_SEPARATOR=':'
SHELL='/bin/bash'
ac_ct_CC='gcc -std=gnu99 -std=gnu11'
ac_ct_CXX=''
ac_prefix_program='/usr/bin/jags'
bindir='${exec_prefix}/bin'
build_alias=''
datadir='${datarootdir}'
datarootdir='${prefix}/share'
docdir='${datarootdir}/doc/${PACKAGE_TARNAME}'
dvidir='${docdir}'
exec_prefix='${prefix}'
host_alias=''
htmldir='${docdir}'
includedir='${prefix}/include'
infodir='${datarootdir}/info'
libdir='${exec_prefix}/lib'
libexecdir='${exec_prefix}/libexec'
localedir='${datarootdir}/locale'
localstatedir='${prefix}/var'
mandir='${datarootdir}/man'
oldincludedir='/usr/include'
pdfdir='${docdir}'
prefix='/usr'
program_transform_name='s,x,x,'
psdir='${docdir}'
runstatedir='${localstatedir}/run'
sbindir='${exec_prefix}/sbin'
sharedstatedir='${prefix}/com'
sysconfdir='${prefix}/etc'
target_alias=''

## ----------- ##
## confdefs.h. ##
## ----------- ##

/* confdefs.h */
#define PACKAGE_NAME "JAGS-PEXM"
#define PACKAGE_TARNAME "JAGS-PEXM-MODULE"
#define PACKAGE_VERSION "1.0"
#define PACKAGE_STRING "JAGS-PEXM 1.0"
#define PACKAGE_BUGREPORT "vdm@est.ufmg.br"
#define PACKAGE_URL ""
#define STDC_HEADERS 1
#define HAVE_SYS_TYPES_H 1
#define HAVE_SYS_STAT_H 1
#define HAVE_STDLIB_H 1
#define HAVE_STRING_H 1
#define HAVE_MEMORY_H 1
#define HAVE_STRINGS_H 1
#define HAVE_INTTYPES_H 1
#define HAVE_STDINT_H 1
#define HAVE_UNISTD_H 1
#define HAVE_LIBJAGS 1

configure: exit 0
